[2014-05-22 03:51:50] production.ERROR: exception 'ErrorException' with message 'include(K:\Proyectos\UPASystem\app\vendor/symfony/routing/Symfony/Component/Routing/Route.php): failed to open stream: No such file or directory' in K:\Proyectos\UPASystem\app\vendor\composer\ClassLoader.php:377
Stack trace:
#0 K:\Proyectos\UPASystem\app\vendor\composer\ClassLoader.php(377): Illuminate\Exception\Handler->handleError(2, 'include(K:\\Proy...', 'K:\\Proyectos\\UP...', 377, Array)
#1 K:\Proyectos\UPASystem\app\vendor\composer\ClassLoader.php(377): Composer\Autoload\includeFile()
#2 K:\Proyectos\UPASystem\app\vendor\composer\ClassLoader.php(269): Composer\Autoload\includeFile('K:\\Proyectos\\UP...')
#3 [internal function]: Composer\Autoload\ClassLoader->loadClass('Symfony\\Compone...')
#4 K:\Proyectos\UPASystem\app\bootstrap\compiled.php(4956): spl_autoload_call('Symfony\\Compone...')
#5 K:\Proyectos\UPASystem\app\bootstrap\compiled.php(4944): Illuminate\Routing\Route->compileRoute()
#6 K:\Proyectos\UPASystem\app\bootstrap\compiled.php(5307): Illuminate\Routing\Route->matches(Object(Illuminate\Http\Request))
#7 [internal function]: Illuminate\Routing\RouteCollection->Illuminate\Routing\{closure}('/', Object(Illuminate\Routing\Route))
#8 K:\Proyectos\UPASystem\app\vendor\laravel\framework\src\Illuminate\Support\helpers.php(220): call_user_func(Object(Closure), '/', Object(Illuminate\Routing\Route))
#9 K:\Proyectos\UPASystem\app\bootstrap\compiled.php(5308): array_first(Array, Object(Closure))
#10 K:\Proyectos\UPASystem\app\bootstrap\compiled.php(5284): Illuminate\Routing\RouteCollection->check(Array, Object(Illuminate\Http\Request))
#11 K:\Proyectos\UPASystem\app\bootstrap\compiled.php(4663): Illuminate\Routing\RouteCollection->match(Object(Illuminate\Http\Request))
#12 K:\Proyectos\UPASystem\app\bootstrap\compiled.php(4651): Illuminate\Routing\Router->findRoute(Object(Illuminate\Http\Request))
#13 K:\Proyectos\UPASystem\app\bootstrap\compiled.php(4643): Illuminate\Routing\Router->dispatchToRoute(Object(Illuminate\Http\Request))
#14 K:\Proyectos\UPASystem\app\bootstrap\compiled.php(698): Illuminate\Routing\Router->dispatch(Object(Illuminate\Http\Request))
#15 K:\Proyectos\UPASystem\app\bootstrap\compiled.php(679): Illuminate\Foundation\Application->dispatch(Object(Illuminate\Http\Request))
#16 K:\Proyectos\UPASystem\app\bootstrap\compiled.php(1136): Illuminate\Foundation\Application->handle(Object(Illuminate\Http\Request), 1, true)
#17 K:\Proyectos\UPASystem\app\bootstrap\compiled.php(7218): Illuminate\Http\FrameGuard->handle(Object(Illuminate\Http\Request), 1, true)
#18 K:\Proyectos\UPASystem\app\bootstrap\compiled.php(7815): Illuminate\Session\Middleware->handle(Object(Illuminate\Http\Request), 1, true)
#19 K:\Proyectos\UPASystem\app\bootstrap\compiled.php(7762): Illuminate\Cookie\Queue->handle(Object(Illuminate\Http\Request), 1, true)
#20 K:\Proyectos\UPASystem\app\bootstrap\compiled.php(10768): Illuminate\Cookie\Guard->handle(Object(Illuminate\Http\Request), 1, true)
#21 K:\Proyectos\UPASystem\app\bootstrap\compiled.php(640): Stack\StackedHttpKernel->handle(Object(Illuminate\Http\Request))
#22 K:\Proyectos\UPASystem\app\public\index.php(49): Illuminate\Foundation\Application->run()
#23 K:\Proyectos\UPASystem\app\server.php(19): require_once('K:\\Proyectos\\UP...')
#24 {main} [] []
